<?xml version="1.0" encoding="UTF-8"?>
<testsuite xmlns:xsi="http://www.w3.org/2001/XMLSchema-instance" xsi:noNamespaceSchemaLocation="https://maven.apache.org/surefire/maven-surefire-plugin/xsd/surefire-test-report-3.0.xsd" version="3.0" name="com.arena.competidor.CompetidorApplicationTests" time="3.379" tests="1" errors="0" skipped="0" failures="0">
  <properties>
[...]
</properties>
  <testcase name="contextLoads" classname="com.arena.competidor.CompetidorApplicationTests" time="0.509">
    <system-out><![CDATA[17:11:15.177 [main] INFO org.springframework.test.context.support.AnnotationConfigContextLoaderUtils -- Could not detect default configuration classes for test class [com.arena.competidor.CompetidorApplicationTests]: CompetidorApplicationTests does not declare any static, non-private, non-final, nested classes annotated with @Configuration.
17:11:15.251 [main] INFO org.springframework.boot.test.context.SpringBootTestContextBootstrapper -- Found @SpringBootConfiguration com.arena.ArenaApplication for test class com.arena.competidor.CompetidorApplicationTests

  .   ____          _            __ _ _
 /\\ / ___'_ __ _ _(_)_ __  __ _ \ \ \ \
( ( )\___ | '_ | '_| | '_ \/ _` | \ \ \ \
 \\/  ___)| |_)| | | | | || (_| |  ) ) ) )
  '  |____| .__|_| |_|_| |_\__, | / / / /
 =========|_|==============|___/=/_/_/_/
 :: Spring Boot ::                (v3.1.4)

2023-10-14T17:11:15.523-03:00  INFO 243714 --- [           main] c.a.c.CompetidorApplicationTests         : Starting CompetidorApplicationTests using Java 18.0.2-ea with PID 243714 (started by rafael in /home/rafael/workspace/arena)
2023-10-14T17:11:15.524-03:00  INFO 243714 --- [           main] c.a.c.CompetidorApplicationTests         : No active profile set, falling back to 1 default profile: "default"
2023-10-14T17:11:16.010-03:00  INFO 243714 --- [           main] .s.d.r.c.RepositoryConfigurationDelegate : Bootstrapping Spring Data JPA repositories in DEFAULT mode.
2023-10-14T17:11:16.056-03:00  INFO 243714 --- [           main] .s.d.r.c.RepositoryConfigurationDelegate : Finished Spring Data repository scanning in 40 ms. Found 3 JPA repository interfaces.
2023-10-14T17:11:16.346-03:00  INFO 243714 --- [           main] o.hibernate.jpa.internal.util.LogHelper  : HHH000204: Processing PersistenceUnitInfo [name: default]
2023-10-14T17:11:16.377-03:00  INFO 243714 --- [           main] org.hibernate.Version                    : HHH000412: Hibernate ORM core version 6.2.9.Final
2023-10-14T17:11:16.379-03:00  INFO 243714 --- [           main] org.hibernate.cfg.Environment            : HHH000406: Using bytecode reflection optimizer
2023-10-14T17:11:16.486-03:00  INFO 243714 --- [           main] o.h.b.i.BytecodeProviderInitiator        : HHH000021: Bytecode provider name : bytebuddy
2023-10-14T17:11:16.563-03:00  INFO 243714 --- [           main] o.s.o.j.p.SpringPersistenceUnitInfo      : No LoadTimeWeaver setup: ignoring JPA class transformer
2023-10-14T17:11:16.573-03:00  INFO 243714 --- [           main] com.zaxxer.hikari.HikariDataSource       : HikariPool-1 - Starting...
2023-10-14T17:11:16.700-03:00  INFO 243714 --- [           main] com.zaxxer.hikari.pool.HikariPool        : HikariPool-1 - Added connection org.postgresql.jdbc.PgConnection@40bd0f8
2023-10-14T17:11:16.701-03:00  INFO 243714 --- [           main] com.zaxxer.hikari.HikariDataSource       : HikariPool-1 - Start completed.
2023-10-14T17:11:16.842-03:00  INFO 243714 --- [           main] o.h.b.i.BytecodeProviderInitiator        : HHH000021: Bytecode provider name : bytebuddy
2023-10-14T17:11:17.193-03:00  INFO 243714 --- [           main] o.h.e.t.j.p.i.JtaPlatformInitiator       : HHH000490: Using JtaPlatform implementation: [org.hibernate.engine.transaction.jta.platform.internal.NoJtaPlatform]
2023-10-14T17:11:17.254-03:00  WARN 243714 --- [           main] o.h.engine.jdbc.spi.SqlExceptionHelper   : SQL Warning Code: 0, SQLState: 00000
2023-10-14T17:11:17.254-03:00  WARN 243714 --- [           main] o.h.engine.jdbc.spi.SqlExceptionHelper   : constraint "uk_nk0xmjvesh0bnfbatdbbbrbjv" of relation "competidor" does not exist, skipping
2023-10-14T17:11:17.279-03:00  INFO 243714 --- [           main] j.LocalContainerEntityManagerFactoryBean : Initialized JPA EntityManagerFactory for persistence unit 'default'
2023-10-14T17:11:17.651-03:00  WARN 243714 --- [           main] JpaBaseConfiguration$JpaWebConfiguration : spring.jpa.open-in-view is enabled by default. Therefore, database queries may be performed during view rendering. Explicitly configure spring.jpa.open-in-view to disable this warning
2023-10-14T17:11:17.922-03:00  INFO 243714 --- [           main] c.a.c.CompetidorApplicationTests         : Started CompetidorApplicationTests in 2.579 seconds (process running for 3.254)
]]></system-out>
  </testcase>
</testsuite>